[2023-12-13 04:02:40] : Error: {"type":"https://mailchimp.com/developer/marketing/docs/errors/","title":"Bad Request","status":400,"detail":"To remove subscribers from this workflow, the automation must be sending or paused.","instance":"8f149039-1723-43a7-dc94-0da5c28b82de"}
[2023-12-13 04:02:41] : Error: {"type":"https://mailchimp.com/developer/marketing/docs/errors/","title":"Bad Request","status":400,"detail":"We couldn\u2019t find the email address you provided on the list for this automation.","instance":"b2bcf747-ec34-1dc5-b434-7fec632ed5fb"}
[2023-12-13 04:02:41] : Error: {"type":"https://mailchimp.com/developer/marketing/docs/errors/","title":"Bad Request","status":400,"detail":"We couldn\u2019t find the email address you provided on the list for this automation.","instance":"c0d9c9a7-6c77-1e1c-3755-c14ca07e3cef"}
[2023-12-13 04:02:42] : Error: {"type":"https://mailchimp.com/developer/marketing/docs/errors/","title":"Bad Request","status":400,"detail":"To remove subscribers from this workflow, the automation must be sending or paused.","instance":"b3d75c53-fd72-9c9c-2330-ecc379893446"}
[2023-12-13 04:02:43] : Error: {"type":"https://mailchimp.com/developer/marketing/docs/errors/","title":"Bad Request","status":400,"detail":"We couldn\u2019t find the email address you provided on the list for this automation.","instance":"e7d80fc1-3f3c-9db5-56ae-ac60742a3d3d"}
[2023-12-13 04:02:44] : Error: {"type":"https://mailchimp.com/developer/marketing/docs/errors/","title":"Bad Request","status":400,"detail":"To remove subscribers from this workflow, the automation must be sending or paused.","instance":"0ba2676e-6e13-0da5-0c60-f47f5f82a466"}
[2023-12-13 04:02:44] : Error: {"type":"https://mailchimp.com/developer/marketing/docs/errors/","title":"Bad Request","status":400,"detail":"We couldn\u2019t find the email address you provided on the list for this automation.","instance":"54787773-d62b-4e0c-440a-93dfe97d922a"}
[2023-12-13 04:02:45] : Error: {"type":"https://mailchimp.com/developer/marketing/docs/errors/","title":"Bad Request","status":400,"detail":"We couldn\u2019t find the email address you provided on the list for this automation.","instance":"2719e069-3c5d-baaa-86aa-0286f87c77eb"}
[2023-12-13 04:02:46] : Error: {"type":"https://mailchimp.com/developer/marketing/docs/errors/","title":"Bad Request","status":400,"detail":"To remove subscribers from this workflow, the automation must be sending or paused.","instance":"114322a6-b32d-a1f6-db3e-4d8584cb2eb8"}
[2023-12-13 04:02:46] : Error: {"type":"https://mailchimp.com/developer/marketing/docs/errors/","title":"Bad Request","status":400,"detail":"We couldn\u2019t find the email address you provided on the list for this automation.","instance":"31427cc5-7965-da12-51c5-7e4c1ab79193"}
[2023-12-13 04:02:47] : Error: {"type":"https://mailchimp.com/developer/marketing/docs/errors/","title":"Bad Request","status":400,"detail":"To remove subscribers from this workflow, the automation must be sending or paused.","instance":"ba9704e7-28d9-68f9-43cf-0aa460e5f5b3"}
[2023-12-13 04:02:48] : Error: {"type":"https://mailchimp.com/developer/marketing/docs/errors/","title":"Bad Request","status":400,"detail":"We couldn\u2019t find the email address you provided on the list for this automation.","instance":"87315128-205b-8261-981b-bc93e3deb581"}
[2023-12-13 04:02:49] : Error: {"type":"https://mailchimp.com/developer/marketing/docs/errors/","title":"Bad Request","status":400,"detail":"We couldn\u2019t find the email address you provided on the list for this automation.","instance":"313efeed-0728-ca9c-030a-c27ca7a567bc"}
[2023-12-13 04:02:49] : Error: {"type":"https://mailchimp.com/developer/marketing/docs/errors/","title":"Bad Request","status":400,"detail":"To remove subscribers from this workflow, the automation must be sending or paused.","instance":"797577a3-5ff0-633e-b3e1-a390dbe705ca"}
[2023-12-13 04:02:50] : Error: {"type":"https://mailchimp.com/developer/marketing/docs/errors/","title":"Bad Request","status":400,"detail":"We couldn\u2019t find the email address you provided on the list for this automation.","instance":"0b3d79ce-a0bd-3881-1b6b-fae6879412cd"}
[2023-12-13 04:02:51] : Error: {"type":"https://mailchimp.com/developer/marketing/docs/errors/","title":"Bad Request","status":400,"detail":"To remove subscribers from this workflow, the automation must be sending or paused.","instance":"0e51da28-f0f5-825e-9381-f57b21f56bdb"}
[2023-12-13 04:02:52] : Error: {"type":"https://mailchimp.com/developer/marketing/docs/errors/","title":"Bad Request","status":400,"detail":"We couldn\u2019t find the email address you provided on the list for this automation.","instance":"44479a89-b2de-40a2-95d3-f69d4887895d"}
[2023-12-13 04:02:52] : Error: {"type":"https://mailchimp.com/developer/marketing/docs/errors/","title":"Bad Request","status":400,"detail":"We couldn\u2019t find the email address you provided on the list for this automation.","instance":"fd5c3b81-5e47-3184-fb92-c52f4ebc1cc1"}
[2023-12-13 04:02:53] : Error: {"type":"https://mailchimp.com/developer/marketing/docs/errors/","title":"Bad Request","status":400,"detail":"To remove subscribers from this workflow, the automation must be sending or paused.","instance":"3e96f5c7-e57b-ef1b-b6ea-32e34ac73d92"}
[2023-12-13 04:02:54] : Error: {"type":"https://mailchimp.com/developer/marketing/docs/errors/","title":"Bad Request","status":400,"detail":"We couldn\u2019t find the email address you provided on the list for this automation.","instance":"96ecae9a-4295-3950-922b-75639f0f6c5d"}
[2023-12-13 04:02:55] : Error: {"type":"https://mailchimp.com/developer/marketing/docs/errors/","title":"Bad Request","status":400,"detail":"To remove subscribers from this workflow, the automation must be sending or paused.","instance":"2dbf3551-1b26-ea46-647f-a3ad260a3e2b"}
[2023-12-13 04:02:55] : Error: {"type":"https://mailchimp.com/developer/marketing/docs/errors/","title":"Bad Request","status":400,"detail":"We couldn\u2019t find the email address you provided on the list for this automation.","instance":"25e9d23b-5f4b-bfa7-a4f1-eddb1e9e2f9e"}
[2023-12-13 04:02:56] : Error: {"type":"https://mailchimp.com/developer/marketing/docs/errors/","title":"Bad Request","status":400,"detail":"We couldn\u2019t find the email address you provided on the list for this automation.","instance":"9e8a87f4-cc37-e3d5-1f6c-d5cda4325319"}
[2023-12-13 04:02:58] : Error: {"type":"https://mailchimp.com/developer/marketing/docs/errors/","title":"Bad Request","status":400,"detail":"To remove subscribers from this workflow, the automation must be sending or paused.","instance":"1daf5238-93ae-98a5-1029-7d72a1124249"}
[2023-12-13 04:02:58] : Error: {"type":"https://mailchimp.com/developer/marketing/docs/errors/","title":"Bad Request","status":400,"detail":"We couldn\u2019t find the email address you provided on the list for this automation.","instance":"03a8f4c3-a72f-5c4c-e669-b06ef2770c75"}
[2023-12-13 04:02:59] : Error: {"type":"https://mailchimp.com/developer/marketing/docs/errors/","title":"Bad Request","status":400,"detail":"To remove subscribers from this workflow, the automation must be sending or paused.","instance":"3c19a1d4-e999-89a3-77b3-b4b8ce2dc72e"}
[2023-12-13 04:03:00] : Error: {"type":"https://mailchimp.com/developer/marketing/docs/errors/","title":"Bad Request","status":400,"detail":"We couldn\u2019t find the email address you provided on the list for this automation.","instance":"c6cb05ca-4dec-05b4-4345-3ce2fdc5029a"}
[2023-12-13 04:03:01] : Error: {"type":"https://mailchimp.com/developer/marketing/docs/errors/","title":"Bad Request","status":400,"detail":"We couldn\u2019t find the email address you provided on the list for this automation.","instance":"2ed39747-bca4-e6b7-4f22-4ba87b9cb3d0"}
[2023-12-13 04:03:02] : Error: {"type":"https://mailchimp.com/developer/marketing/docs/errors/","title":"Bad Request","status":400,"detail":"To remove subscribers from this workflow, the automation must be sending or paused.","instance":"ac9160eb-1525-c19c-8b79-ed8e7dde8b1e"}
[2023-12-13 04:03:03] : Error: {"type":"https://mailchimp.com/developer/marketing/docs/errors/","title":"Bad Request","status":400,"detail":"We couldn\u2019t find the email address you provided on the list for this automation.","instance":"a4f99cec-9439-6282-028d-f1f4cd99dc5d"}
[2023-12-13 04:03:03] : Error: {"type":"https://mailchimp.com/developer/marketing/docs/errors/","title":"Bad Request","status":400,"detail":"To remove subscribers from this workflow, the automation must be sending or paused.","instance":"e6614e23-7c62-db24-fc98-de544b55f621"}
[2023-12-13 04:03:04] : Error: {"type":"https://mailchimp.com/developer/marketing/docs/errors/","title":"Bad Request","status":400,"detail":"We couldn\u2019t find the email address you provided on the list for this automation.","instance":"265660ef-8646-acdb-cc11-1adfda46f2f5"}
[2023-12-13 04:03:05] : Error: {"type":"https://mailchimp.com/developer/marketing/docs/errors/","title":"Bad Request","status":400,"detail":"We couldn\u2019t find the email address you provided on the list for this automation.","instance":"0ec02131-d151-8e58-6342-3a2deebfd406"}
[2023-12-13 04:03:06] : Error: {"type":"https://mailchimp.com/developer/marketing/docs/errors/","title":"Bad Request","status":400,"detail":"To remove subscribers from this workflow, the automation must be sending or paused.","instance":"13cc6008-6138-03dc-d0c8-bee51aafa68a"}
[2023-12-13 04:03:06] : Error: {"type":"https://mailchimp.com/developer/marketing/docs/errors/","title":"Bad Request","status":400,"detail":"We couldn\u2019t find the email address you provided on the list for this automation.","instance":"456a285a-3d07-c9cd-1020-fffb035fbf5f"}
[2023-12-13 04:03:07] : Error: {"type":"https://mailchimp.com/developer/marketing/docs/errors/","title":"Bad Request","status":400,"detail":"To remove subscribers from this workflow, the automation must be sending or paused.","instance":"eb5b6afa-f423-f641-5723-596609cbc033"}
[2023-12-13 04:03:08] : Error: {"type":"https://mailchimp.com/developer/marketing/docs/errors/","title":"Bad Request","status":400,"detail":"We couldn\u2019t find the email address you provided on the list for this automation.","instance":"f39b09bd-38e0-7a19-d55f-6c6417d24b2a"}
[2023-12-13 04:03:09] : Error: {"type":"https://mailchimp.com/developer/marketing/docs/errors/","title":"Bad Request","status":400,"detail":"We couldn\u2019t find the email address you provided on the list for this automation.","instance":"e0596bca-c101-2313-5f2f-04f8b50167ea"}
[2023-12-13 04:03:09] : Error: {"type":"https://mailchimp.com/developer/marketing/docs/errors/","title":"Bad Request","status":400,"detail":"To remove subscribers from this workflow, the automation must be sending or paused.","instance":"e0ffe7f4-d367-23b7-16df-13da61d6589e"}
[2023-12-13 04:03:10] : Error: {"type":"https://mailchimp.com/developer/marketing/docs/errors/","title":"Bad Request","status":400,"detail":"We couldn\u2019t find the email address you provided on the list for this automation.","instance":"157dc981-c0e2-40bf-b894-56d4151574f7"}
[2023-12-13 04:03:11] : Error: {"type":"https://mailchimp.com/developer/marketing/docs/errors/","title":"Bad Request","status":400,"detail":"To remove subscribers from this workflow, the automation must be sending or paused.","instance":"f2784738-62f1-755e-439c-c5d063a8f6fb"}
[2023-12-13 04:03:11] : failed or empty: jonhorev@gmail.com
[2023-12-13 04:03:12] : failed or empty: jonhorev@gmail.com
[2023-12-13 04:03:13] : Error: {"type":"https://mailchimp.com/developer/marketing/docs/errors/","title":"Bad Request","status":400,"detail":"To remove subscribers from this workflow, the automation must be sending or paused.","instance":"d2ab3bdf-4979-3682-97c0-d00f9aed2a44"}
[2023-12-13 04:03:13] : failed or empty: jonhorev@gmail.com
[2023-12-13 04:08:37] : Error: {"type":"https://mailchimp.com/developer/marketing/docs/errors/","title":"Bad Request","status":400,"detail":"To remove subscribers from this workflow, the automation must be sending or paused.","instance":"3b0447da-c672-23c1-cdf4-ec4885fd7c72"}
[2023-12-13 04:08:37] : Error: {"type":"https://mailchimp.com/developer/marketing/docs/errors/","title":"Bad Request","status":400,"detail":"We couldn\u2019t find the email address you provided on the list for this automation.","instance":"c9a8210d-5995-0b5f-0de2-929ec36bd5b6"}
[2023-12-13 04:08:38] : Error: {"type":"https://mailchimp.com/developer/marketing/docs/errors/","title":"Bad Request","status":400,"detail":"We couldn\u2019t find the email address you provided on the list for this automation.","instance":"cfbf8d1e-5d1c-ed1c-946d-bc838960b5fb"}
[2023-12-13 04:08:39] : Error: {"type":"https://mailchimp.com/developer/marketing/docs/errors/","title":"Bad Request","status":400,"detail":"To remove subscribers from this workflow, the automation must be sending or paused.","instance":"e641cdec-0dc5-bac9-4c42-9fa0a8d351ca"}
[2023-12-13 04:08:39] : Error: {"type":"https://mailchimp.com/developer/marketing/docs/errors/","title":"Bad Request","status":400,"detail":"We couldn\u2019t find the email address you provided on the list for this automation.","instance":"9561949b-21c8-8858-f4da-68466d0a3d33"}
[2023-12-13 04:08:41] : Error: {"type":"https://mailchimp.com/developer/marketing/docs/errors/","title":"Bad Request","status":400,"detail":"To remove subscribers from this workflow, the automation must be sending or paused.","instance":"929d212f-467c-ac06-0412-1b3cef56b92a"}
[2023-12-13 04:08:42] : Error: {"type":"https://mailchimp.com/developer/marketing/docs/errors/","title":"Bad Request","status":400,"detail":"We couldn\u2019t find the email address you provided on the list for this automation.","instance":"b66f432c-2556-9e2b-c9d2-bfc8d8028557"}
[2023-12-13 04:08:43] : Error: {"type":"https://mailchimp.com/developer/marketing/docs/errors/","title":"Bad Request","status":400,"detail":"We couldn\u2019t find the email address you provided on the list for this automation.","instance":"ac2af103-b1ea-b018-247d-a5ad43cb87c6"}
[2023-12-13 04:08:43] : Error: {"type":"https://mailchimp.com/developer/marketing/docs/errors/","title":"Bad Request","status":400,"detail":"To remove subscribers from this workflow, the automation must be sending or paused.","instance":"99836b7b-f825-9a36-f705-63a3b1679bb4"}
[2023-12-13 04:08:44] : Error: {"type":"https://mailchimp.com/developer/marketing/docs/errors/","title":"Bad Request","status":400,"detail":"We couldn\u2019t find the email address you provided on the list for this automation.","instance":"348098e1-6d15-f32c-b4a4-85fc3adcc2e2"}
[2023-12-13 04:08:45] : Error: {"type":"https://mailchimp.com/developer/marketing/docs/errors/","title":"Bad Request","status":400,"detail":"To remove subscribers from this workflow, the automation must be sending or paused.","instance":"3ba86c42-5cb2-aa8a-e6e9-b9ae2f0ba5b5"}
[2023-12-13 04:08:45] : Error: {"type":"https://mailchimp.com/developer/marketing/docs/errors/","title":"Bad Request","status":400,"detail":"We couldn\u2019t find the email address you provided on the list for this automation.","instance":"88273ac3-2186-3b60-926b-f81176bf2a8a"}
[2023-12-13 04:08:46] : Error: {"type":"https://mailchimp.com/developer/marketing/docs/errors/","title":"Bad Request","status":400,"detail":"We couldn\u2019t find the email address you provided on the list for this automation.","instance":"1234ee84-12f1-93d4-f756-7875b32b3325"}
[2023-12-13 04:08:47] : Error: {"type":"https://mailchimp.com/developer/marketing/docs/errors/","title":"Bad Request","status":400,"detail":"To remove subscribers from this workflow, the automation must be sending or paused.","instance":"3d220cea-c946-a9e3-371d-99d27defd533"}
[2023-12-13 04:08:48] : Error: {"type":"https://mailchimp.com/developer/marketing/docs/errors/","title":"Bad Request","status":400,"detail":"We couldn\u2019t find the email address you provided on the list for this automation.","instance":"55263b6f-abff-81cd-a5a8-78dce4bf0d80"}
[2023-12-13 04:08:49] : Error: {"type":"https://mailchimp.com/developer/marketing/docs/errors/","title":"Bad Request","status":400,"detail":"To remove subscribers from this workflow, the automation must be sending or paused.","instance":"8eba147a-ea4f-d338-71c7-dae3d519c706"}
[2023-12-13 04:08:49] : Error: {"type":"https://mailchimp.com/developer/marketing/docs/errors/","title":"Bad Request","status":400,"detail":"We couldn\u2019t find the email address you provided on the list for this automation.","instance":"94e9c30f-bbec-323d-d37d-38b1ac44f19b"}
[2023-12-13 04:08:50] : Error: {"type":"https://mailchimp.com/developer/marketing/docs/errors/","title":"Bad Request","status":400,"detail":"We couldn\u2019t find the email address you provided on the list for this automation.","instance":"3bae7fff-ab52-969d-0a8b-1afb08399c94"}
[2023-12-13 04:08:51] : Error: {"type":"https://mailchimp.com/developer/marketing/docs/errors/","title":"Bad Request","status":400,"detail":"To remove subscribers from this workflow, the automation must be sending or paused.","instance":"5c45a94f-c1ee-ef3b-c9be-3b0dd88377cb"}
[2023-12-13 04:08:52] : Error: {"type":"https://mailchimp.com/developer/marketing/docs/errors/","title":"Bad Request","status":400,"detail":"We couldn\u2019t find the email address you provided on the list for this automation.","instance":"7f546417-6f49-7ea3-54cb-902c7044ce8b"}
[2023-12-13 04:08:52] : Error: {"type":"https://mailchimp.com/developer/marketing/docs/errors/","title":"Bad Request","status":400,"detail":"To remove subscribers from this workflow, the automation must be sending or paused.","instance":"ccfbc9c9-d1ba-01a4-6b0a-2665e4479d04"}
[2023-12-13 04:08:53] : Error: {"type":"https://mailchimp.com/developer/marketing/docs/errors/","title":"Bad Request","status":400,"detail":"We couldn\u2019t find the email address you provided on the list for this automation.","instance":"76dd8e37-c3ea-7f51-b00f-d3f2f22441ca"}
[2023-12-13 04:08:54] : Error: {"type":"https://mailchimp.com/developer/marketing/docs/errors/","title":"Bad Request","status":400,"detail":"We couldn\u2019t find the email address you provided on the list for this automation.","instance":"b3b617fc-fd6e-2c67-e96e-1729f10a84b3"}
[2023-12-13 04:08:55] : Error: {"type":"https://mailchimp.com/developer/marketing/docs/errors/","title":"Bad Request","status":400,"detail":"To remove subscribers from this workflow, the automation must be sending or paused.","instance":"cafbb262-af79-5062-15df-bd5b7bcf6b47"}
[2023-12-13 04:08:56] : Error: {"type":"https://mailchimp.com/developer/marketing/docs/errors/","title":"Bad Request","status":400,"detail":"We couldn\u2019t find the email address you provided on the list for this automation.","instance":"d7d0b9d9-647d-3308-4693-c91cde8d469a"}
[2023-12-13 04:08:57] : Error: {"type":"https://mailchimp.com/developer/marketing/docs/errors/","title":"Bad Request","status":400,"detail":"To remove subscribers from this workflow, the automation must be sending or paused.","instance":"e2fa5b22-2aad-2574-af06-578ac197f67b"}
[2023-12-13 04:08:58] : Error: {"type":"https://mailchimp.com/developer/marketing/docs/errors/","title":"Bad Request","status":400,"detail":"We couldn\u2019t find the email address you provided on the list for this automation.","instance":"98cd27a6-955d-96dd-fc30-54f3806b3cfb"}
[2023-12-13 04:08:58] : Error: {"type":"https://mailchimp.com/developer/marketing/docs/errors/","title":"Bad Request","status":400,"detail":"We couldn\u2019t find the email address you provided on the list for this automation.","instance":"7b37b988-8766-1c92-2274-3f2eaa16e657"}
[2023-12-13 04:08:59] : Error: {"type":"https://mailchimp.com/developer/marketing/docs/errors/","title":"Bad Request","status":400,"detail":"To remove subscribers from this workflow, the automation must be sending or paused.","instance":"98622c1b-1721-c16d-4ae0-997090bb2e77"}
[2023-12-13 04:09:00] : Error: {"type":"https://mailchimp.com/developer/marketing/docs/errors/","title":"Bad Request","status":400,"detail":"We couldn\u2019t find the email address you provided on the list for this automation.","instance":"fd1d0bff-94b4-dca1-704b-f279672fd243"}
[2023-12-13 04:09:01] : Error: {"type":"https://mailchimp.com/developer/marketing/docs/errors/","title":"Bad Request","status":400,"detail":"To remove subscribers from this workflow, the automation must be sending or paused.","instance":"1b9c2558-7865-579c-d982-f2c6d02545a0"}
[2023-12-13 04:09:01] : Error: {"type":"https://mailchimp.com/developer/marketing/docs/errors/","title":"Bad Request","status":400,"detail":"We couldn\u2019t find the email address you provided on the list for this automation.","instance":"58f37726-c7d9-e240-36bb-694d0634569b"}
[2023-12-13 04:09:02] : Error: {"type":"https://mailchimp.com/developer/marketing/docs/errors/","title":"Bad Request","status":400,"detail":"We couldn\u2019t find the email address you provided on the list for this automation.","instance":"4a3367d4-ff16-1591-9396-b37a8174241b"}
[2023-12-13 04:09:02] : Error: {"type":"https://mailchimp.com/developer/marketing/docs/errors/","title":"Bad Request","status":400,"detail":"To remove subscribers from this workflow, the automation must be sending or paused.","instance":"4cb5d380-9427-f13c-98df-876b7711c749"}
[2023-12-13 04:09:03] : Error: {"type":"https://mailchimp.com/developer/marketing/docs/errors/","title":"Bad Request","status":400,"detail":"We couldn\u2019t find the email address you provided on the list for this automation.","instance":"bcaec8a5-26d2-4319-69cb-959026422ee7"}
[2023-12-13 04:09:04] : Error: {"type":"https://mailchimp.com/developer/marketing/docs/errors/","title":"Bad Request","status":400,"detail":"To remove subscribers from this workflow, the automation must be sending or paused.","instance":"953a253e-620f-872e-8ee5-5fb0e8da4a3f"}
[2023-12-13 04:09:04] : Error: {"type":"https://mailchimp.com/developer/marketing/docs/errors/","title":"Bad Request","status":400,"detail":"We couldn\u2019t find the email address you provided on the list for this automation.","instance":"d5db01d8-f51a-8a19-79bb-cc29e65a95c5"}
[2023-12-13 04:09:05] : Error: {"type":"https://mailchimp.com/developer/marketing/docs/errors/","title":"Bad Request","status":400,"detail":"We couldn\u2019t find the email address you provided on the list for this automation.","instance":"db5a3674-a2b9-95c7-3c93-752ca7811e8a"}
[2023-12-13 04:09:06] : Error: {"type":"https://mailchimp.com/developer/marketing/docs/errors/","title":"Bad Request","status":400,"detail":"To remove subscribers from this workflow, the automation must be sending or paused.","instance":"b2d4f248-bca8-f210-b5cd-59554ec7eca4"}
[2023-12-13 04:09:06] : Error: {"type":"https://mailchimp.com/developer/marketing/docs/errors/","title":"Bad Request","status":400,"detail":"We couldn\u2019t find the email address you provided on the list for this automation.","instance":"3b2217d1-5dc6-adfe-d11a-bc2bf562f0a7"}
[2023-12-13 04:09:07] : Error: {"type":"https://mailchimp.com/developer/marketing/docs/errors/","title":"Bad Request","status":400,"detail":"To remove subscribers from this workflow, the automation must be sending or paused.","instance":"2d032bab-40e5-a65f-ab94-f27fd6bab15f"}
[2023-12-13 04:09:08] : failed or empty: jonhorev@gmail.com
[2023-12-13 04:09:08] : failed or empty: jonhorev@gmail.com
[2023-12-13 04:09:09] : Error: {"type":"https://mailchimp.com/developer/marketing/docs/errors/","title":"Bad Request","status":400,"detail":"To remove subscribers from this workflow, the automation must be sending or paused.","instance":"01ea5581-2698-82c8-aec4-0546b18cc16c"}
[2023-12-13 04:09:10] : failed or empty: jonhorev@gmail.com
